<?xml version="1.0" encoding="UTF-8"?>
<!-- Generated by org.testng.reporters.JUnitReportReporter -->
<testsuite hostname="DESKTOP-VHQAVNB" failures="0" tests="1" name="org.example.application" time="42.406" errors="0" timestamp="2023-05-14T15:22:25 IST" skipped="0">
  <testcase classname="org.example.application" name="testing" time="42.406"/>
  <system-out/>
</testsuite> <!-- org.example.application -->
